c:\users\styec\onedrive\desktop\arkanoid_drx11\engine\framebufferps.shh
c:\users\styec\onedrive\desktop\arkanoid_drx11\engine\framebuffervs.shh
c:\users\styec\onedrive\desktop\arkanoid_drx11\engine\x64\debug\ball.obj
c:\users\styec\onedrive\desktop\arkanoid_drx11\engine\x64\debug\beveler.obj
c:\users\styec\onedrive\desktop\arkanoid_drx11\engine\x64\debug\brick.obj
c:\users\styec\onedrive\desktop\arkanoid_drx11\engine\x64\debug\dxerr.obj
c:\users\styec\onedrive\desktop\arkanoid_drx11\engine\x64\debug\frametimer.obj
c:\users\styec\onedrive\desktop\arkanoid_drx11\engine\x64\debug\game.obj
c:\users\styec\onedrive\desktop\arkanoid_drx11\engine\x64\debug\graphics.obj
c:\users\styec\onedrive\desktop\arkanoid_drx11\engine\x64\debug\keyboard.obj
c:\users\styec\onedrive\desktop\arkanoid_drx11\engine\x64\debug\mainwindow.obj
c:\users\styec\onedrive\desktop\arkanoid_drx11\engine\x64\debug\mouse.obj
c:\users\styec\onedrive\desktop\arkanoid_drx11\engine\x64\debug\paddle.obj
c:\users\styec\onedrive\desktop\arkanoid_drx11\engine\x64\debug\rectf.obj
c:\users\styec\onedrive\desktop\arkanoid_drx11\engine\x64\debug\spritecodex.obj
c:\users\styec\onedrive\desktop\arkanoid_drx11\engine\x64\debug\vec2.obj
c:\users\styec\onedrive\desktop\arkanoid_drx11\engine\x64\debug\walls.obj
c:\users\styec\onedrive\desktop\arkanoid_drx11\engine\x64\debug\vc143.idb
c:\users\styec\onedrive\desktop\arkanoid_drx11\engine\x64\debug\vc143.pdb
c:\users\styec\onedrive\desktop\arkanoid_drx11\engine\x64\debug\engine.tlog\cl.command.1.tlog
c:\users\styec\onedrive\desktop\arkanoid_drx11\engine\x64\debug\engine.tlog\fxc.command.1.tlog
c:\users\styec\onedrive\desktop\arkanoid_drx11\engine\x64\debug\engine.tlog\fxc.read.1.tlog
c:\users\styec\onedrive\desktop\arkanoid_drx11\engine\x64\debug\engine.tlog\fxc.write.1.tlog
